The system is: Linux - 4.6.0-kali1-amd64 - x86_64
Compiling the C compiler identification source file "CMakeCCompilerId.c" succeeded.
Compiler: /usr/bin/cc 
Build flags: 
Id flags:  

The output was:
0


Compilation of the C compiler identification source "CMakeCCompilerId.c" produced "a.out"

The C compiler identification is GNU, found in "/home/david/Schreibtisch/MedInfo/2. Semester/Programmiersprachen/Aufgabe 7 - Raytracer/programmiersprachen-raytracer-david/CMakeFiles/3.9.0/CompilerIdC/a.out"

Compiling the CXX compiler identification source file "CMakeCXXCompilerId.cpp" succeeded.
Compiler: /usr/bin/c++ 
Build flags: 
Id flags:  

The output was:
0


Compilation of the CXX compiler identification source "CMakeCXXCompilerId.cpp" produced "a.out"

The CXX compiler identification is GNU, found in "/home/david/Schreibtisch/MedInfo/2. Semester/Programmiersprachen/Aufgabe 7 - Raytracer/programmiersprachen-raytracer-david/CMakeFiles/3.9.0/CompilerIdCXX/a.out"

Determining if the C compiler works passed with the following output:
Change Dir: /home/david/Schreibtisch/MedInfo/2. Semester/Programmiersprachen/Aufgabe 7 - Raytracer/programmiersprachen-raytracer-david/CMakeFiles/CMakeTmp

Run Build Command:"/usr/bin/make" "cmTC_5bd92/fast"
/usr/bin/make -f CMakeFiles/cmTC_5bd92.dir/build.make CMakeFiles/cmTC_5bd92.dir/build
make[1]: Entering directory '/home/david/Schreibtisch/MedInfo/2. Semester/Programmiersprachen/Aufgabe 7 - Raytracer/programmiersprachen-raytracer-david/CMakeFiles/CMakeTmp'
Building C object CMakeFiles/cmTC_5bd92.dir/testCCompiler.c.o
/usr/bin/cc    -o CMakeFiles/cmTC_5bd92.dir/testCCompiler.c.o   -c "/home/david/Schreibtisch/MedInfo/2. Semester/Programmiersprachen/Aufgabe 7 - Raytracer/programmiersprachen-raytracer-david/CMakeFiles/CMakeTmp/testCCompiler.c"
Linking C executable cmTC_5bd92
/usr/bin/cmake -E cmake_link_script CMakeFiles/cmTC_5bd92.dir/link.txt --verbose=1
/usr/bin/cc      -rdynamic CMakeFiles/cmTC_5bd92.dir/testCCompiler.c.o  -o cmTC_5bd92 
make[1]: Leaving directory '/home/david/Schreibtisch/MedInfo/2. Semester/Programmiersprachen/Aufgabe 7 - Raytracer/programmiersprachen-raytracer-david/CMakeFiles/CMakeTmp'


Detecting C compiler ABI info compiled with the following output:
Change Dir: /home/david/Schreibtisch/MedInfo/2. Semester/Programmiersprachen/Aufgabe 7 - Raytracer/programmiersprachen-raytracer-david/CMakeFiles/CMakeTmp

Run Build Command:"/usr/bin/make" "cmTC_03499/fast"
/usr/bin/make -f CMakeFiles/cmTC_03499.dir/build.make CMakeFiles/cmTC_03499.dir/build
make[1]: Entering directory '/home/david/Schreibtisch/MedInfo/2. Semester/Programmiersprachen/Aufgabe 7 - Raytracer/programmiersprachen-raytracer-david/CMakeFiles/CMakeTmp'
Building C object CMakeFiles/cmTC_03499.dir/CMakeCCompilerABI.c.o
/usr/bin/cc    -o CMakeFiles/cmTC_03499.dir/CMakeCCompilerABI.c.o   -c /usr/share/cmake-3.9/Modules/CMakeCCompilerABI.c
Linking C executable cmTC_03499
/usr/bin/cmake -E cmake_link_script CMakeFiles/cmTC_03499.dir/link.txt --verbose=1
/usr/bin/cc     -v -rdynamic CMakeFiles/cmTC_03499.dir/CMakeCCompilerABI.c.o  -o cmTC_03499 
Using built-in specs.
COLLECT_GCC=/usr/bin/cc
COLLECT_LTO_WRAPPER=/usr/lib/gcc/x86_64-linux-gnu/6/lto-wrapper
Target: x86_64-linux-gnu
Configured with: ../src/configure -v --with-pkgversion='Debian 6.3.0-16' --with-bugurl=file:///usr/share/doc/gcc-6/README.Bugs --enable-languages=c,ada,c++,java,go,d,fortran,objc,obj-c++ --prefix=/usr --program-suffix=-6 --program-prefix=x86_64-linux-gnu- --enable-shared --enable-linker-build-id --libexecdir=/usr/lib --without-included-gettext --enable-threads=posix --libdir=/usr/lib --enable-nls --with-sysroot=/ --enable-clocale=gnu --enable-libstdcxx-debug --enable-libstdcxx-time=yes --with-default-libstdcxx-abi=new --enable-gnu-unique-object --disable-vtable-verify --enable-libmpx --enable-plugin --enable-default-pie --with-system-zlib --disable-browser-plugin --enable-java-awt=gtk --enable-gtk-cairo --with-java-home=/usr/lib/jvm/java-1.5.0-gcj-6-amd64/jre --enable-java-home --with-jvm-root-dir=/usr/lib/jvm/java-1.5.0-gcj-6-amd64 --with-jvm-jar-dir=/usr/lib/jvm-exports/java-1.5.0-gcj-6-amd64 --with-arch-directory=amd64 --with-ecj-jar=/usr/share/java/eclipse-ecj.jar --with-target-system-zlib --enable-objc-gc=auto --enable-multiarch --with-arch-32=i686 --with-abi=m64 --with-multilib-list=m32,m64,mx32 --enable-multilib --with-tune=generic --enable-checking=release --build=x86_64-linux-gnu --host=x86_64-linux-gnu --target=x86_64-linux-gnu
Thread model: posix
gcc version 6.3.0 20170425 (Debian 6.3.0-16) 
COMPILER_PATH=/usr/lib/gcc/x86_64-linux-gnu/6/:/usr/lib/gcc/x86_64-linux-gnu/6/:/usr/lib/gcc/x86_64-linux-gnu/:/usr/lib/gcc/x86_64-linux-gnu/6/:/usr/lib/gcc/x86_64-linux-gnu/
LIBRARY_PATH=/usr/lib/gcc/x86_64-linux-gnu/6/:/usr/lib/gcc/x86_64-linux-gnu/6/../../../x86_64-linux-gnu/:/usr/lib/gcc/x86_64-linux-gnu/6/../../../../lib/:/lib/x86_64-linux-gnu/:/lib/../lib/:/usr/lib/x86_64-linux-gnu/:/usr/lib/../lib/:/usr/lib/gcc/x86_64-linux-gnu/6/../../../:/lib/:/usr/lib/
COLLECT_GCC_OPTIONS='-v' '-rdynamic' '-o' 'cmTC_03499' '-mtune=generic' '-march=x86-64'
 /usr/lib/gcc/x86_64-linux-gnu/6/collect2 -plugin /usr/lib/gcc/x86_64-linux-gnu/6/liblto_plugin.so -plugin-opt=/usr/lib/gcc/x86_64-linux-gnu/6/lto-wrapper -plugin-opt=-fresolution=/tmp/ccTWfxQv.res -plugin-opt=-pass-through=-lgcc -plugin-opt=-pass-through=-lgcc_s -plugin-opt=-pass-through=-lc -plugin-opt=-pass-through=-lgcc -plugin-opt=-pass-through=-lgcc_s --sysroot=/ --build-id --eh-frame-hdr -m elf_x86_64 --hash-style=gnu -export-dynamic -dynamic-linker /lib64/ld-linux-x86-64.so.2 -pie -o cmTC_03499 /usr/lib/gcc/x86_64-linux-gnu/6/../../../x86_64-linux-gnu/Scrt1.o /usr/lib/gcc/x86_64-linux-gnu/6/../../../x86_64-linux-gnu/crti.o /usr/lib/gcc/x86_64-linux-gnu/6/crtbeginS.o -L/usr/lib/gcc/x86_64-linux-gnu/6 -L/usr/lib/gcc/x86_64-linux-gnu/6/../../../x86_64-linux-gnu -L/usr/lib/gcc/x86_64-linux-gnu/6/../../../../lib -L/lib/x86_64-linux-gnu -L/lib/../lib -L/usr/lib/x86_64-linux-gnu -L/usr/lib/../lib -L/usr/lib/gcc/x86_64-linux-gnu/6/../../.. CMakeFiles/cmTC_03499.dir/CMakeCCompilerABI.c.o -lgcc --as-needed -lgcc_s --no-as-needed -lc -lgcc --as-needed -lgcc_s --no-as-needed /usr/lib/gcc/x86_64-linux-gnu/6/crtendS.o /usr/lib/gcc/x86_64-linux-gnu/6/../../../x86_64-linux-gnu/crtn.o
COLLECT_GCC_OPTIONS='-v' '-rdynamic' '-o' 'cmTC_03499' '-mtune=generic' '-march=x86-64'
make[1]: Leaving directory '/home/david/Schreibtisch/MedInfo/2. Semester/Programmiersprachen/Aufgabe 7 - Raytracer/programmiersprachen-raytracer-david/CMakeFiles/CMakeTmp'


Parsed C implicit link information from above output:
  link line regex: [^( *|.*[/\])(ld|CMAKE_LINK_STARTFILE-NOTFOUND|([^/\]+-)?ld|collect2)[^/\]*( |$)]
  ignore line: [Change Dir: /home/david/Schreibtisch/MedInfo/2. Semester/Programmiersprachen/Aufgabe 7 - Raytracer/programmiersprachen-raytracer-david/CMakeFiles/CMakeTmp]
  ignore line: []
  ignore line: [Run Build Command:"/usr/bin/make" "cmTC_03499/fast"]
  ignore line: [/usr/bin/make -f CMakeFiles/cmTC_03499.dir/build.make CMakeFiles/cmTC_03499.dir/build]
  ignore line: [make[1]: Entering directory '/home/david/Schreibtisch/MedInfo/2. Semester/Programmiersprachen/Aufgabe 7 - Raytracer/programmiersprachen-raytracer-david/CMakeFiles/CMakeTmp']
  ignore line: [Building C object CMakeFiles/cmTC_03499.dir/CMakeCCompilerABI.c.o]
  ignore line: [/usr/bin/cc    -o CMakeFiles/cmTC_03499.dir/CMakeCCompilerABI.c.o   -c /usr/share/cmake-3.9/Modules/CMakeCCompilerABI.c]
  ignore line: [Linking C executable cmTC_03499]
  ignore line: [/usr/bin/cmake -E cmake_link_script CMakeFiles/cmTC_03499.dir/link.txt --verbose=1]
  ignore line: [/usr/bin/cc     -v -rdynamic CMakeFiles/cmTC_03499.dir/CMakeCCompilerABI.c.o  -o cmTC_03499 ]
  ignore line: [Using built-in specs.]
  ignore line: [COLLECT_GCC=/usr/bin/cc]
  ignore line: [COLLECT_LTO_WRAPPER=/usr/lib/gcc/x86_64-linux-gnu/6/lto-wrapper]
  ignore line: [Target: x86_64-linux-gnu]
  ignore line: [Configured with: ../src/configure -v --with-pkgversion='Debian 6.3.0-16' --with-bugurl=file:///usr/share/doc/gcc-6/README.Bugs --enable-languages=c,ada,c++,java,go,d,fortran,objc,obj-c++ --prefix=/usr --program-suffix=-6 --program-prefix=x86_64-linux-gnu- --enable-shared --enable-linker-build-id --libexecdir=/usr/lib --without-included-gettext --enable-threads=posix --libdir=/usr/lib --enable-nls --with-sysroot=/ --enable-clocale=gnu --enable-libstdcxx-debug --enable-libstdcxx-time=yes --with-default-libstdcxx-abi=new --enable-gnu-unique-object --disable-vtable-verify --enable-libmpx --enable-plugin --enable-default-pie --with-system-zlib --disable-browser-plugin --enable-java-awt=gtk --enable-gtk-cairo --with-java-home=/usr/lib/jvm/java-1.5.0-gcj-6-amd64/jre --enable-java-home --with-jvm-root-dir=/usr/lib/jvm/java-1.5.0-gcj-6-amd64 --with-jvm-jar-dir=/usr/lib/jvm-exports/java-1.5.0-gcj-6-amd64 --with-arch-directory=amd64 --with-ecj-jar=/usr/share/java/eclipse-ecj.jar --with-target-system-zlib --enable-objc-gc=auto --enable-multiarch --with-arch-32=i686 --with-abi=m64 --with-multilib-list=m32,m64,mx32 --enable-multilib --with-tune=generic --enable-checking=release --build=x86_64-linux-gnu --host=x86_64-linux-gnu --target=x86_64-linux-gnu]
  ignore line: [Thread model: posix]
  ignore line: [gcc version 6.3.0 20170425 (Debian 6.3.0-16) ]
  ignore line: [COMPILER_PATH=/usr/lib/gcc/x86_64-linux-gnu/6/:/usr/lib/gcc/x86_64-linux-gnu/6/:/usr/lib/gcc/x86_64-linux-gnu/:/usr/lib/gcc/x86_64-linux-gnu/6/:/usr/lib/gcc/x86_64-linux-gnu/]
  ignore line: [LIBRARY_PATH=/usr/lib/gcc/x86_64-linux-gnu/6/:/usr/lib/gcc/x86_64-linux-gnu/6/../../../x86_64-linux-gnu/:/usr/lib/gcc/x86_64-linux-gnu/6/../../../../lib/:/lib/x86_64-linux-gnu/:/lib/../lib/:/usr/lib/x86_64-linux-gnu/:/usr/lib/../lib/:/usr/lib/gcc/x86_64-linux-gnu/6/../../../:/lib/:/usr/lib/]
  ignore line: [COLLECT_GCC_OPTIONS='-v' '-rdynamic' '-o' 'cmTC_03499' '-mtune=generic' '-march=x86-64']
  link line: [ /usr/lib/gcc/x86_64-linux-gnu/6/collect2 -plugin /usr/lib/gcc/x86_64-linux-gnu/6/liblto_plugin.so -plugin-opt=/usr/lib/gcc/x86_64-linux-gnu/6/lto-wrapper -plugin-opt=-fresolution=/tmp/ccTWfxQv.res -plugin-opt=-pass-through=-lgcc -plugin-opt=-pass-through=-lgcc_s -plugin-opt=-pass-through=-lc -plugin-opt=-pass-through=-lgcc -plugin-opt=-pass-through=-lgcc_s --sysroot=/ --build-id --eh-frame-hdr -m elf_x86_64 --hash-style=gnu -export-dynamic -dynamic-linker /lib64/ld-linux-x86-64.so.2 -pie -o cmTC_03499 /usr/lib/gcc/x86_64-linux-gnu/6/../../../x86_64-linux-gnu/Scrt1.o /usr/lib/gcc/x86_64-linux-gnu/6/../../../x86_64-linux-gnu/crti.o /usr/lib/gcc/x86_64-linux-gnu/6/crtbeginS.o -L/usr/lib/gcc/x86_64-linux-gnu/6 -L/usr/lib/gcc/x86_64-linux-gnu/6/../../../x86_64-linux-gnu -L/usr/lib/gcc/x86_64-linux-gnu/6/../../../../lib -L/lib/x86_64-linux-gnu -L/lib/../lib -L/usr/lib/x86_64-linux-gnu -L/usr/lib/../lib -L/usr/lib/gcc/x86_64-linux-gnu/6/../../.. CMakeFiles/cmTC_03499.dir/CMakeCCompilerABI.c.o -lgcc --as-needed -lgcc_s --no-as-needed -lc -lgcc --as-needed -lgcc_s --no-as-needed /usr/lib/gcc/x86_64-linux-gnu/6/crtendS.o /usr/lib/gcc/x86_64-linux-gnu/6/../../../x86_64-linux-gnu/crtn.o]
    arg [/usr/lib/gcc/x86_64-linux-gnu/6/collect2] ==> ignore
    arg [-plugin] ==> ignore
    arg [/usr/lib/gcc/x86_64-linux-gnu/6/liblto_plugin.so] ==> ignore
    arg [-plugin-opt=/usr/lib/gcc/x86_64-linux-gnu/6/lto-wrapper] ==> ignore
    arg [-plugin-opt=-fresolution=/tmp/ccTWfxQv.res] ==> ignore
    arg [-plugin-opt=-pass-through=-lgcc] ==> ignore
    arg [-plugin-opt=-pass-through=-lgcc_s] ==> ignore
    arg [-plugin-opt=-pass-through=-lc] ==> ignore
    arg [-plugin-opt=-pass-through=-lgcc] ==> ignore
    arg [-plugin-opt=-pass-through=-lgcc_s] ==> ignore
    arg [--sysroot=/] ==> ignore
    arg [--build-id] ==> ignore
    arg [--eh-frame-hdr] ==> ignore
    arg [-m] ==> ignore
    arg [elf_x86_64] ==> ignore
    arg [--hash-style=gnu] ==> ignore
    arg [-export-dynamic] ==> ignore
    arg [-dynamic-linker] ==> ignore
    arg [/lib64/ld-linux-x86-64.so.2] ==> ignore
    arg [-pie] ==> ignore
    arg [-o] ==> ignore
    arg [cmTC_03499] ==> ignore
    arg [/usr/lib/gcc/x86_64-linux-gnu/6/../../../x86_64-linux-gnu/Scrt1.o] ==> ignore
    arg [/usr/lib/gcc/x86_64-linux-gnu/6/../../../x86_64-linux-gnu/crti.o] ==> ignore
    arg [/usr/lib/gcc/x86_64-linux-gnu/6/crtbeginS.o] ==> ignore
    arg [-L/usr/lib/gcc/x86_64-linux-gnu/6] ==> dir [/usr/lib/gcc/x86_64-linux-gnu/6]
    arg [-L/usr/lib/gcc/x86_64-linux-gnu/6/../../../x86_64-linux-gnu] ==> dir [/usr/lib/gcc/x86_64-linux-gnu/6/../../../x86_64-linux-gnu]
    arg [-L/usr/lib/gcc/x86_64-linux-gnu/6/../../../../lib] ==> dir [/usr/lib/gcc/x86_64-linux-gnu/6/../../../../lib]
    arg [-L/lib/x86_64-linux-gnu] ==> dir [/lib/x86_64-linux-gnu]
    arg [-L/lib/../lib] ==> dir [/lib/../lib]
    arg [-L/usr/lib/x86_64-linux-gnu] ==> dir [/usr/lib/x86_64-linux-gnu]
    arg [-L/usr/lib/../lib] ==> dir [/usr/lib/../lib]
    arg [-L/usr/lib/gcc/x86_64-linux-gnu/6/../../..] ==> dir [/usr/lib/gcc/x86_64-linux-gnu/6/../../..]
    arg [CMakeFiles/cmTC_03499.dir/CMakeCCompilerABI.c.o] ==> ignore
    arg [-lgcc] ==> lib [gcc]
    arg [--as-needed] ==> ignore
    arg [-lgcc_s] ==> lib [gcc_s]
    arg [--no-as-needed] ==> ignore
    arg [-lc] ==> lib [c]
    arg [-lgcc] ==> lib [gcc]
    arg [--as-needed] ==> ignore
    arg [-lgcc_s] ==> lib [gcc_s]
    arg [--no-as-needed] ==> ignore
    arg [/usr/lib/gcc/x86_64-linux-gnu/6/crtendS.o] ==> ignore
    arg [/usr/lib/gcc/x86_64-linux-gnu/6/../../../x86_64-linux-gnu/crtn.o] ==> ignore
  collapse library dir [/usr/lib/gcc/x86_64-linux-gnu/6] ==> [/usr/lib/gcc/x86_64-linux-gnu/6]
  collapse library dir [/usr/lib/gcc/x86_64-linux-gnu/6/../../../x86_64-linux-gnu] ==> [/usr/lib/x86_64-linux-gnu]
  collapse library dir [/usr/lib/gcc/x86_64-linux-gnu/6/../../../../lib] ==> [/usr/lib]
  collapse library dir [/lib/x86_64-linux-gnu] ==> [/lib/x86_64-linux-gnu]
  collapse library dir [/lib/../lib] ==> [/lib]
  collapse library dir [/usr/lib/x86_64-linux-gnu] ==> [/usr/lib/x86_64-linux-gnu]
  collapse library dir [/usr/lib/../lib] ==> [/usr/lib]
  collapse library dir [/usr/lib/gcc/x86_64-linux-gnu/6/../../..] ==> [/usr/lib]
  implicit libs: [gcc;gcc_s;c;gcc;gcc_s]
  implicit dirs: [/usr/lib/gcc/x86_64-linux-gnu/6;/usr/lib/x86_64-linux-gnu;/usr/lib;/lib/x86_64-linux-gnu;/lib]
  implicit fwks: []




Detecting C [-std=c11] compiler features compiled with the following output:
Change Dir: /home/david/Schreibtisch/MedInfo/2. Semester/Programmiersprachen/Aufgabe 7 - Raytracer/programmiersprachen-raytracer-david/CMakeFiles/CMakeTmp

Run Build Command:"/usr/bin/make" "cmTC_b5f8a/fast"
/usr/bin/make -f CMakeFiles/cmTC_b5f8a.dir/build.make CMakeFiles/cmTC_b5f8a.dir/build
make[1]: Entering directory '/home/david/Schreibtisch/MedInfo/2. Semester/Programmiersprachen/Aufgabe 7 - Raytracer/programmiersprachen-raytracer-david/CMakeFiles/CMakeTmp'
Building C object CMakeFiles/cmTC_b5f8a.dir/feature_tests.c.o
/usr/bin/cc   -std=c11 -o CMakeFiles/cmTC_b5f8a.dir/feature_tests.c.o   -c "/home/david/Schreibtisch/MedInfo/2. Semester/Programmiersprachen/Aufgabe 7 - Raytracer/programmiersprachen-raytracer-david/CMakeFiles/feature_tests.c"
Linking C executable cmTC_b5f8a
/usr/bin/cmake -E cmake_link_script CMakeFiles/cmTC_b5f8a.dir/link.txt --verbose=1
/usr/bin/cc      -rdynamic CMakeFiles/cmTC_b5f8a.dir/feature_tests.c.o  -o cmTC_b5f8a 
make[1]: Leaving directory '/home/david/Schreibtisch/MedInfo/2. Semester/Programmiersprachen/Aufgabe 7 - Raytracer/programmiersprachen-raytracer-david/CMakeFiles/CMakeTmp'


    Feature record: C_FEATURE:1c_function_prototypes
    Feature record: C_FEATURE:1c_restrict
    Feature record: C_FEATURE:1c_static_assert
    Feature record: C_FEATURE:1c_variadic_macros


Detecting C [-std=c99] compiler features compiled with the following output:
Change Dir: /home/david/Schreibtisch/MedInfo/2. Semester/Programmiersprachen/Aufgabe 7 - Raytracer/programmiersprachen-raytracer-david/CMakeFiles/CMakeTmp

Run Build Command:"/usr/bin/make" "cmTC_a6527/fast"
/usr/bin/make -f CMakeFiles/cmTC_a6527.dir/build.make CMakeFiles/cmTC_a6527.dir/build
make[1]: Entering directory '/home/david/Schreibtisch/MedInfo/2. Semester/Programmiersprachen/Aufgabe 7 - Raytracer/programmiersprachen-raytracer-david/CMakeFiles/CMakeTmp'
Building C object CMakeFiles/cmTC_a6527.dir/feature_tests.c.o
/usr/bin/cc   -std=c99 -o CMakeFiles/cmTC_a6527.dir/feature_tests.c.o   -c "/home/david/Schreibtisch/MedInfo/2. Semester/Programmiersprachen/Aufgabe 7 - Raytracer/programmiersprachen-raytracer-david/CMakeFiles/feature_tests.c"
Linking C executable cmTC_a6527
/usr/bin/cmake -E cmake_link_script CMakeFiles/cmTC_a6527.dir/link.txt --verbose=1
/usr/bin/cc      -rdynamic CMakeFiles/cmTC_a6527.dir/feature_tests.c.o  -o cmTC_a6527 
make[1]: Leaving directory '/home/david/Schreibtisch/MedInfo/2. Semester/Programmiersprachen/Aufgabe 7 - Raytracer/programmiersprachen-raytracer-david/CMakeFiles/CMakeTmp'


    Feature record: C_FEATURE:1c_function_prototypes
    Feature record: C_FEATURE:1c_restrict
    Feature record: C_FEATURE:0c_static_assert
    Feature record: C_FEATURE:1c_variadic_macros


Detecting C [-std=c90] compiler features compiled with the following output:
Change Dir: /home/david/Schreibtisch/MedInfo/2. Semester/Programmiersprachen/Aufgabe 7 - Raytracer/programmiersprachen-raytracer-david/CMakeFiles/CMakeTmp

Run Build Command:"/usr/bin/make" "cmTC_18ab5/fast"
/usr/bin/make -f CMakeFiles/cmTC_18ab5.dir/build.make CMakeFiles/cmTC_18ab5.dir/build
make[1]: Entering directory '/home/david/Schreibtisch/MedInfo/2. Semester/Programmiersprachen/Aufgabe 7 - Raytracer/programmiersprachen-raytracer-david/CMakeFiles/CMakeTmp'
Building C object CMakeFiles/cmTC_18ab5.dir/feature_tests.c.o
/usr/bin/cc   -std=c90 -o CMakeFiles/cmTC_18ab5.dir/feature_tests.c.o   -c "/home/david/Schreibtisch/MedInfo/2. Semester/Programmiersprachen/Aufgabe 7 - Raytracer/programmiersprachen-raytracer-david/CMakeFiles/feature_tests.c"
Linking C executable cmTC_18ab5
/usr/bin/cmake -E cmake_link_script CMakeFiles/cmTC_18ab5.dir/link.txt --verbose=1
/usr/bin/cc      -rdynamic CMakeFiles/cmTC_18ab5.dir/feature_tests.c.o  -o cmTC_18ab5 
make[1]: Leaving directory '/home/david/Schreibtisch/MedInfo/2. Semester/Programmiersprachen/Aufgabe 7 - Raytracer/programmiersprachen-raytracer-david/CMakeFiles/CMakeTmp'


    Feature record: C_FEATURE:1c_function_prototypes
    Feature record: C_FEATURE:0c_restrict
    Feature record: C_FEATURE:0c_static_assert
    Feature record: C_FEATURE:0c_variadic_macros
Determining if the CXX compiler works passed with the following output:
Change Dir: /home/david/Schreibtisch/MedInfo/2. Semester/Programmiersprachen/Aufgabe 7 - Raytracer/programmiersprachen-raytracer-david/CMakeFiles/CMakeTmp

Run Build Command:"/usr/bin/make" "cmTC_5fe1b/fast"
/usr/bin/make -f CMakeFiles/cmTC_5fe1b.dir/build.make CMakeFiles/cmTC_5fe1b.dir/build
make[1]: Entering directory '/home/david/Schreibtisch/MedInfo/2. Semester/Programmiersprachen/Aufgabe 7 - Raytracer/programmiersprachen-raytracer-david/CMakeFiles/CMakeTmp'
Building CXX object CMakeFiles/cmTC_5fe1b.dir/testCXXCompiler.cxx.o
/usr/bin/c++     -o CMakeFiles/cmTC_5fe1b.dir/testCXXCompiler.cxx.o -c "/home/david/Schreibtisch/MedInfo/2. Semester/Programmiersprachen/Aufgabe 7 - Raytracer/programmiersprachen-raytracer-david/CMakeFiles/CMakeTmp/testCXXCompiler.cxx"
Linking CXX executable cmTC_5fe1b
/usr/bin/cmake -E cmake_link_script CMakeFiles/cmTC_5fe1b.dir/link.txt --verbose=1
/usr/bin/c++       -rdynamic CMakeFiles/cmTC_5fe1b.dir/testCXXCompiler.cxx.o  -o cmTC_5fe1b 
make[1]: Leaving directory '/home/david/Schreibtisch/MedInfo/2. Semester/Programmiersprachen/Aufgabe 7 - Raytracer/programmiersprachen-raytracer-david/CMakeFiles/CMakeTmp'


Detecting CXX compiler ABI info compiled with the following output:
Change Dir: /home/david/Schreibtisch/MedInfo/2. Semester/Programmiersprachen/Aufgabe 7 - Raytracer/programmiersprachen-raytracer-david/CMakeFiles/CMakeTmp

Run Build Command:"/usr/bin/make" "cmTC_f490d/fast"
/usr/bin/make -f CMakeFiles/cmTC_f490d.dir/build.make CMakeFiles/cmTC_f490d.dir/build
make[1]: Entering directory '/home/david/Schreibtisch/MedInfo/2. Semester/Programmiersprachen/Aufgabe 7 - Raytracer/programmiersprachen-raytracer-david/CMakeFiles/CMakeTmp'
Building CXX object CMakeFiles/cmTC_f490d.dir/CMakeCXXCompilerABI.cpp.o
/usr/bin/c++     -o CMakeFiles/cmTC_f490d.dir/CMakeCXXCompilerABI.cpp.o -c /usr/share/cmake-3.9/Modules/CMakeCXXCompilerABI.cpp
Linking CXX executable cmTC_f490d
/usr/bin/cmake -E cmake_link_script CMakeFiles/cmTC_f490d.dir/link.txt --verbose=1
/usr/bin/c++      -v -rdynamic CMakeFiles/cmTC_f490d.dir/CMakeCXXCompilerABI.cpp.o  -o cmTC_f490d 
Using built-in specs.
COLLECT_GCC=/usr/bin/c++
COLLECT_LTO_WRAPPER=/usr/lib/gcc/x86_64-linux-gnu/6/lto-wrapper
Target: x86_64-linux-gnu
Configured with: ../src/configure -v --with-pkgversion='Debian 6.3.0-16' --with-bugurl=file:///usr/share/doc/gcc-6/README.Bugs --enable-languages=c,ada,c++,java,go,d,fortran,objc,obj-c++ --prefix=/usr --program-suffix=-6 --program-prefix=x86_64-linux-gnu- --enable-shared --enable-linker-build-id --libexecdir=/usr/lib --without-included-gettext --enable-threads=posix --libdir=/usr/lib --enable-nls --with-sysroot=/ --enable-clocale=gnu --enable-libstdcxx-debug --enable-libstdcxx-time=yes --with-default-libstdcxx-abi=new --enable-gnu-unique-object --disable-vtable-verify --enable-libmpx --enable-plugin --enable-default-pie --with-system-zlib --disable-browser-plugin --enable-java-awt=gtk --enable-gtk-cairo --with-java-home=/usr/lib/jvm/java-1.5.0-gcj-6-amd64/jre --enable-java-home --with-jvm-root-dir=/usr/lib/jvm/java-1.5.0-gcj-6-amd64 --with-jvm-jar-dir=/usr/lib/jvm-exports/java-1.5.0-gcj-6-amd64 --with-arch-directory=amd64 --with-ecj-jar=/usr/share/java/eclipse-ecj.jar --with-target-system-zlib --enable-objc-gc=auto --enable-multiarch --with-arch-32=i686 --with-abi=m64 --with-multilib-list=m32,m64,mx32 --enable-multilib --with-tune=generic --enable-checking=release --build=x86_64-linux-gnu --host=x86_64-linux-gnu --target=x86_64-linux-gnu
Thread model: posix
gcc version 6.3.0 20170425 (Debian 6.3.0-16) 
COMPILER_PATH=/usr/lib/gcc/x86_64-linux-gnu/6/:/usr/lib/gcc/x86_64-linux-gnu/6/:/usr/lib/gcc/x86_64-linux-gnu/:/usr/lib/gcc/x86_64-linux-gnu/6/:/usr/lib/gcc/x86_64-linux-gnu/
LIBRARY_PATH=/usr/lib/gcc/x86_64-linux-gnu/6/:/usr/lib/gcc/x86_64-linux-gnu/6/../../../x86_64-linux-gnu/:/usr/lib/gcc/x86_64-linux-gnu/6/../../../../lib/:/lib/x86_64-linux-gnu/:/lib/../lib/:/usr/lib/x86_64-linux-gnu/:/usr/lib/../lib/:/usr/lib/gcc/x86_64-linux-gnu/6/../../../:/lib/:/usr/lib/
COLLECT_GCC_OPTIONS='-v' '-rdynamic' '-o' 'cmTC_f490d' '-shared-libgcc' '-mtune=generic' '-march=x86-64'
 /usr/lib/gcc/x86_64-linux-gnu/6/collect2 -plugin /usr/lib/gcc/x86_64-linux-gnu/6/liblto_plugin.so -plugin-opt=/usr/lib/gcc/x86_64-linux-gnu/6/lto-wrapper -plugin-opt=-fresolution=/tmp/cczwFmLE.res -plugin-opt=-pass-through=-lgcc_s -plugin-opt=-pass-through=-lgcc -plugin-opt=-pass-through=-lc -plugin-opt=-pass-through=-lgcc_s -plugin-opt=-pass-through=-lgcc --sysroot=/ --build-id --eh-frame-hdr -m elf_x86_64 --hash-style=gnu -export-dynamic -dynamic-linker /lib64/ld-linux-x86-64.so.2 -pie -o cmTC_f490d /usr/lib/gcc/x86_64-linux-gnu/6/../../../x86_64-linux-gnu/Scrt1.o /usr/lib/gcc/x86_64-linux-gnu/6/../../../x86_64-linux-gnu/crti.o /usr/lib/gcc/x86_64-linux-gnu/6/crtbeginS.o -L/usr/lib/gcc/x86_64-linux-gnu/6 -L/usr/lib/gcc/x86_64-linux-gnu/6/../../../x86_64-linux-gnu -L/usr/lib/gcc/x86_64-linux-gnu/6/../../../../lib -L/lib/x86_64-linux-gnu -L/lib/../lib -L/usr/lib/x86_64-linux-gnu -L/usr/lib/../lib -L/usr/lib/gcc/x86_64-linux-gnu/6/../../.. CMakeFiles/cmTC_f490d.dir/CMakeCXXCompilerABI.cpp.o -lstdc++ -lm -lgcc_s -lgcc -lc -lgcc_s -lgcc /usr/lib/gcc/x86_64-linux-gnu/6/crtendS.o /usr/lib/gcc/x86_64-linux-gnu/6/../../../x86_64-linux-gnu/crtn.o
COLLECT_GCC_OPTIONS='-v' '-rdynamic' '-o' 'cmTC_f490d' '-shared-libgcc' '-mtune=generic' '-march=x86-64'
make[1]: Leaving directory '/home/david/Schreibtisch/MedInfo/2. Semester/Programmiersprachen/Aufgabe 7 - Raytracer/programmiersprachen-raytracer-david/CMakeFiles/CMakeTmp'


Parsed CXX implicit link information from above output:
  link line regex: [^( *|.*[/\])(ld|CMAKE_LINK_STARTFILE-NOTFOUND|([^/\]+-)?ld|collect2)[^/\]*( |$)]
  ignore line: [Change Dir: /home/david/Schreibtisch/MedInfo/2. Semester/Programmiersprachen/Aufgabe 7 - Raytracer/programmiersprachen-raytracer-david/CMakeFiles/CMakeTmp]
  ignore line: []
  ignore line: [Run Build Command:"/usr/bin/make" "cmTC_f490d/fast"]
  ignore line: [/usr/bin/make -f CMakeFiles/cmTC_f490d.dir/build.make CMakeFiles/cmTC_f490d.dir/build]
  ignore line: [make[1]: Entering directory '/home/david/Schreibtisch/MedInfo/2. Semester/Programmiersprachen/Aufgabe 7 - Raytracer/programmiersprachen-raytracer-david/CMakeFiles/CMakeTmp']
  ignore line: [Building CXX object CMakeFiles/cmTC_f490d.dir/CMakeCXXCompilerABI.cpp.o]
  ignore line: [/usr/bin/c++     -o CMakeFiles/cmTC_f490d.dir/CMakeCXXCompilerABI.cpp.o -c /usr/share/cmake-3.9/Modules/CMakeCXXCompilerABI.cpp]
  ignore line: [Linking CXX executable cmTC_f490d]
  ignore line: [/usr/bin/cmake -E cmake_link_script CMakeFiles/cmTC_f490d.dir/link.txt --verbose=1]
  ignore line: [/usr/bin/c++      -v -rdynamic CMakeFiles/cmTC_f490d.dir/CMakeCXXCompilerABI.cpp.o  -o cmTC_f490d ]
  ignore line: [Using built-in specs.]
  ignore line: [COLLECT_GCC=/usr/bin/c++]
  ignore line: [COLLECT_LTO_WRAPPER=/usr/lib/gcc/x86_64-linux-gnu/6/lto-wrapper]
  ignore line: [Target: x86_64-linux-gnu]
  ignore line: [Configured with: ../src/configure -v --with-pkgversion='Debian 6.3.0-16' --with-bugurl=file:///usr/share/doc/gcc-6/README.Bugs --enable-languages=c,ada,c++,java,go,d,fortran,objc,obj-c++ --prefix=/usr --program-suffix=-6 --program-prefix=x86_64-linux-gnu- --enable-shared --enable-linker-build-id --libexecdir=/usr/lib --without-included-gettext --enable-threads=posix --libdir=/usr/lib --enable-nls --with-sysroot=/ --enable-clocale=gnu --enable-libstdcxx-debug --enable-libstdcxx-time=yes --with-default-libstdcxx-abi=new --enable-gnu-unique-object --disable-vtable-verify --enable-libmpx --enable-plugin --enable-default-pie --with-system-zlib --disable-browser-plugin --enable-java-awt=gtk --enable-gtk-cairo --with-java-home=/usr/lib/jvm/java-1.5.0-gcj-6-amd64/jre --enable-java-home --with-jvm-root-dir=/usr/lib/jvm/java-1.5.0-gcj-6-amd64 --with-jvm-jar-dir=/usr/lib/jvm-exports/java-1.5.0-gcj-6-amd64 --with-arch-directory=amd64 --with-ecj-jar=/usr/share/java/eclipse-ecj.jar --with-target-system-zlib --enable-objc-gc=auto --enable-multiarch --with-arch-32=i686 --with-abi=m64 --with-multilib-list=m32,m64,mx32 --enable-multilib --with-tune=generic --enable-checking=release --build=x86_64-linux-gnu --host=x86_64-linux-gnu --target=x86_64-linux-gnu]
  ignore line: [Thread model: posix]
  ignore line: [gcc version 6.3.0 20170425 (Debian 6.3.0-16) ]
  ignore line: [COMPILER_PATH=/usr/lib/gcc/x86_64-linux-gnu/6/:/usr/lib/gcc/x86_64-linux-gnu/6/:/usr/lib/gcc/x86_64-linux-gnu/:/usr/lib/gcc/x86_64-linux-gnu/6/:/usr/lib/gcc/x86_64-linux-gnu/]
  ignore line: [LIBRARY_PATH=/usr/lib/gcc/x86_64-linux-gnu/6/:/usr/lib/gcc/x86_64-linux-gnu/6/../../../x86_64-linux-gnu/:/usr/lib/gcc/x86_64-linux-gnu/6/../../../../lib/:/lib/x86_64-linux-gnu/:/lib/../lib/:/usr/lib/x86_64-linux-gnu/:/usr/lib/../lib/:/usr/lib/gcc/x86_64-linux-gnu/6/../../../:/lib/:/usr/lib/]
  ignore line: [COLLECT_GCC_OPTIONS='-v' '-rdynamic' '-o' 'cmTC_f490d' '-shared-libgcc' '-mtune=generic' '-march=x86-64']
  link line: [ /usr/lib/gcc/x86_64-linux-gnu/6/collect2 -plugin /usr/lib/gcc/x86_64-linux-gnu/6/liblto_plugin.so -plugin-opt=/usr/lib/gcc/x86_64-linux-gnu/6/lto-wrapper -plugin-opt=-fresolution=/tmp/cczwFmLE.res -plugin-opt=-pass-through=-lgcc_s -plugin-opt=-pass-through=-lgcc -plugin-opt=-pass-through=-lc -plugin-opt=-pass-through=-lgcc_s -plugin-opt=-pass-through=-lgcc --sysroot=/ --build-id --eh-frame-hdr -m elf_x86_64 --hash-style=gnu -export-dynamic -dynamic-linker /lib64/ld-linux-x86-64.so.2 -pie -o cmTC_f490d /usr/lib/gcc/x86_64-linux-gnu/6/../../../x86_64-linux-gnu/Scrt1.o /usr/lib/gcc/x86_64-linux-gnu/6/../../../x86_64-linux-gnu/crti.o /usr/lib/gcc/x86_64-linux-gnu/6/crtbeginS.o -L/usr/lib/gcc/x86_64-linux-gnu/6 -L/usr/lib/gcc/x86_64-linux-gnu/6/../../../x86_64-linux-gnu -L/usr/lib/gcc/x86_64-linux-gnu/6/../../../../lib -L/lib/x86_64-linux-gnu -L/lib/../lib -L/usr/lib/x86_64-linux-gnu -L/usr/lib/../lib -L/usr/lib/gcc/x86_64-linux-gnu/6/../../.. CMakeFiles/cmTC_f490d.dir/CMakeCXXCompilerABI.cpp.o -lstdc++ -lm -lgcc_s -lgcc -lc -lgcc_s -lgcc /usr/lib/gcc/x86_64-linux-gnu/6/crtendS.o /usr/lib/gcc/x86_64-linux-gnu/6/../../../x86_64-linux-gnu/crtn.o]
    arg [/usr/lib/gcc/x86_64-linux-gnu/6/collect2] ==> ignore
    arg [-plugin] ==> ignore
    arg [/usr/lib/gcc/x86_64-linux-gnu/6/liblto_plugin.so] ==> ignore
    arg [-plugin-opt=/usr/lib/gcc/x86_64-linux-gnu/6/lto-wrapper] ==> ignore
    arg [-plugin-opt=-fresolution=/tmp/cczwFmLE.res] ==> ignore
    arg [-plugin-opt=-pass-through=-lgcc_s] ==> ignore
    arg [-plugin-opt=-pass-through=-lgcc] ==> ignore
    arg [-plugin-opt=-pass-through=-lc] ==> ignore
    arg [-plugin-opt=-pass-through=-lgcc_s] ==> ignore
    arg [-plugin-opt=-pass-through=-lgcc] ==> ignore
    arg [--sysroot=/] ==> ignore
    arg [--build-id] ==> ignore
    arg [--eh-frame-hdr] ==> ignore
    arg [-m] ==> ignore
    arg [elf_x86_64] ==> ignore
    arg [--hash-style=gnu] ==> ignore
    arg [-export-dynamic] ==> ignore
    arg [-dynamic-linker] ==> ignore
    arg [/lib64/ld-linux-x86-64.so.2] ==> ignore
    arg [-pie] ==> ignore
    arg [-o] ==> ignore
    arg [cmTC_f490d] ==> ignore
    arg [/usr/lib/gcc/x86_64-linux-gnu/6/../../../x86_64-linux-gnu/Scrt1.o] ==> ignore
    arg [/usr/lib/gcc/x86_64-linux-gnu/6/../../../x86_64-linux-gnu/crti.o] ==> ignore
    arg [/usr/lib/gcc/x86_64-linux-gnu/6/crtbeginS.o] ==> ignore
    arg [-L/usr/lib/gcc/x86_64-linux-gnu/6] ==> dir [/usr/lib/gcc/x86_64-linux-gnu/6]
    arg [-L/usr/lib/gcc/x86_64-linux-gnu/6/../../../x86_64-linux-gnu] ==> dir [/usr/lib/gcc/x86_64-linux-gnu/6/../../../x86_64-linux-gnu]
    arg [-L/usr/lib/gcc/x86_64-linux-gnu/6/../../../../lib] ==> dir [/usr/lib/gcc/x86_64-linux-gnu/6/../../../../lib]
    arg [-L/lib/x86_64-linux-gnu] ==> dir [/lib/x86_64-linux-gnu]
    arg [-L/lib/../lib] ==> dir [/lib/../lib]
    arg [-L/usr/lib/x86_64-linux-gnu] ==> dir [/usr/lib/x86_64-linux-gnu]
    arg [-L/usr/lib/../lib] ==> dir [/usr/lib/../lib]
    arg [-L/usr/lib/gcc/x86_64-linux-gnu/6/../../..] ==> dir [/usr/lib/gcc/x86_64-linux-gnu/6/../../..]
    arg [CMakeFiles/cmTC_f490d.dir/CMakeCXXCompilerABI.cpp.o] ==> ignore
    arg [-lstdc++] ==> lib [stdc++]
    arg [-lm] ==> lib [m]
    arg [-lgcc_s] ==> lib [gcc_s]
    arg [-lgcc] ==> lib [gcc]
    arg [-lc] ==> lib [c]
    arg [-lgcc_s] ==> lib [gcc_s]
    arg [-lgcc] ==> lib [gcc]
    arg [/usr/lib/gcc/x86_64-linux-gnu/6/crtendS.o] ==> ignore
    arg [/usr/lib/gcc/x86_64-linux-gnu/6/../../../x86_64-linux-gnu/crtn.o] ==> ignore
  collapse library dir [/usr/lib/gcc/x86_64-linux-gnu/6] ==> [/usr/lib/gcc/x86_64-linux-gnu/6]
  collapse library dir [/usr/lib/gcc/x86_64-linux-gnu/6/../../../x86_64-linux-gnu] ==> [/usr/lib/x86_64-linux-gnu]
  collapse library dir [/usr/lib/gcc/x86_64-linux-gnu/6/../../../../lib] ==> [/usr/lib]
  collapse library dir [/lib/x86_64-linux-gnu] ==> [/lib/x86_64-linux-gnu]
  collapse library dir [/lib/../lib] ==> [/lib]
  collapse library dir [/usr/lib/x86_64-linux-gnu] ==> [/usr/lib/x86_64-linux-gnu]
  collapse library dir [/usr/lib/../lib] ==> [/usr/lib]
  collapse library dir [/usr/lib/gcc/x86_64-linux-gnu/6/../../..] ==> [/usr/lib]
  implicit libs: [stdc++;m;gcc_s;gcc;c;gcc_s;gcc]
  implicit dirs: [/usr/lib/gcc/x86_64-linux-gnu/6;/usr/lib/x86_64-linux-gnu;/usr/lib;/lib/x86_64-linux-gnu;/lib]
  implicit fwks: []




Detecting CXX [-std=c++1z] compiler features compiled with the following output:
Change Dir: /home/david/Schreibtisch/MedInfo/2. Semester/Programmiersprachen/Aufgabe 7 - Raytracer/programmiersprachen-raytracer-david/CMakeFiles/CMakeTmp

Run Build Command:"/usr/bin/make" "cmTC_a52ad/fast"
/usr/bin/make -f CMakeFiles/cmTC_a52ad.dir/build.make CMakeFiles/cmTC_a52ad.dir/build
make[1]: Entering directory '/home/david/Schreibtisch/MedInfo/2. Semester/Programmiersprachen/Aufgabe 7 - Raytracer/programmiersprachen-raytracer-david/CMakeFiles/CMakeTmp'
Building CXX object CMakeFiles/cmTC_a52ad.dir/feature_tests.cxx.o
/usr/bin/c++    -std=c++1z -o CMakeFiles/cmTC_a52ad.dir/feature_tests.cxx.o -c "/home/david/Schreibtisch/MedInfo/2. Semester/Programmiersprachen/Aufgabe 7 - Raytracer/programmiersprachen-raytracer-david/CMakeFiles/feature_tests.cxx"
Linking CXX executable cmTC_a52ad
/usr/bin/cmake -E cmake_link_script CMakeFiles/cmTC_a52ad.dir/link.txt --verbose=1
/usr/bin/c++       -rdynamic CMakeFiles/cmTC_a52ad.dir/feature_tests.cxx.o  -o cmTC_a52ad 
make[1]: Leaving directory '/home/david/Schreibtisch/MedInfo/2. Semester/Programmiersprachen/Aufgabe 7 - Raytracer/programmiersprachen-raytracer-david/CMakeFiles/CMakeTmp'


    Feature record: CXX_FEATURE:1cxx_aggregate_default_initializers
    Feature record: CXX_FEATURE:1cxx_alias_templates
    Feature record: CXX_FEATURE:1cxx_alignas
    Feature record: CXX_FEATURE:1cxx_alignof
    Feature record: CXX_FEATURE:1cxx_attributes
    Feature record: CXX_FEATURE:1cxx_attribute_deprecated
    Feature record: CXX_FEATURE:1cxx_auto_type
    Feature record: CXX_FEATURE:1cxx_binary_literals
    Feature record: CXX_FEATURE:1cxx_constexpr
    Feature record: CXX_FEATURE:1cxx_contextual_conversions
    Feature record: CXX_FEATURE:1cxx_decltype
    Feature record: CXX_FEATURE:1cxx_decltype_auto
    Feature record: CXX_FEATURE:1cxx_decltype_incomplete_return_types
    Feature record: CXX_FEATURE:1cxx_default_function_template_args
    Feature record: CXX_FEATURE:1cxx_defaulted_functions
    Feature record: CXX_FEATURE:1cxx_defaulted_move_initializers
    Feature record: CXX_FEATURE:1cxx_delegating_constructors
    Feature record: CXX_FEATURE:1cxx_deleted_functions
    Feature record: CXX_FEATURE:1cxx_digit_separators
    Feature record: CXX_FEATURE:1cxx_enum_forward_declarations
    Feature record: CXX_FEATURE:1cxx_explicit_conversions
    Feature record: CXX_FEATURE:1cxx_extended_friend_declarations
    Feature record: CXX_FEATURE:1cxx_extern_templates
    Feature record: CXX_FEATURE:1cxx_final
    Feature record: CXX_FEATURE:1cxx_func_identifier
    Feature record: CXX_FEATURE:1cxx_generalized_initializers
    Feature record: CXX_FEATURE:1cxx_generic_lambdas
    Feature record: CXX_FEATURE:1cxx_inheriting_constructors
    Feature record: CXX_FEATURE:1cxx_inline_namespaces
    Feature record: CXX_FEATURE:1cxx_lambdas
    Feature record: CXX_FEATURE:1cxx_lambda_init_captures
    Feature record: CXX_FEATURE:1cxx_local_type_template_args
    Feature record: CXX_FEATURE:1cxx_long_long_type
    Feature record: CXX_FEATURE:1cxx_noexcept
    Feature record: CXX_FEATURE:1cxx_nonstatic_member_init
    Feature record: CXX_FEATURE:1cxx_nullptr
    Feature record: CXX_FEATURE:1cxx_override
    Feature record: CXX_FEATURE:1cxx_range_for
    Feature record: CXX_FEATURE:1cxx_raw_string_literals
    Feature record: CXX_FEATURE:1cxx_reference_qualified_functions
    Feature record: CXX_FEATURE:1cxx_relaxed_constexpr
    Feature record: CXX_FEATURE:1cxx_return_type_deduction
    Feature record: CXX_FEATURE:1cxx_right_angle_brackets
    Feature record: CXX_FEATURE:1cxx_rvalue_references
    Feature record: CXX_FEATURE:1cxx_sizeof_member
    Feature record: CXX_FEATURE:1cxx_static_assert
    Feature record: CXX_FEATURE:1cxx_strong_enums
    Feature record: CXX_FEATURE:1cxx_template_template_parameters
    Feature record: CXX_FEATURE:1cxx_thread_local
    Feature record: CXX_FEATURE:1cxx_trailing_return_types
    Feature record: CXX_FEATURE:1cxx_unicode_literals
    Feature record: CXX_FEATURE:1cxx_uniform_initialization
    Feature record: CXX_FEATURE:1cxx_unrestricted_unions
    Feature record: CXX_FEATURE:1cxx_user_literals
    Feature record: CXX_FEATURE:1cxx_variable_templates
    Feature record: CXX_FEATURE:1cxx_variadic_macros
    Feature record: CXX_FEATURE:1cxx_variadic_templates


Detecting CXX [-std=c++14] compiler features compiled with the following output:
Change Dir: /home/david/Schreibtisch/MedInfo/2. Semester/Programmiersprachen/Aufgabe 7 - Raytracer/programmiersprachen-raytracer-david/CMakeFiles/CMakeTmp

Run Build Command:"/usr/bin/make" "cmTC_cd2fb/fast"
/usr/bin/make -f CMakeFiles/cmTC_cd2fb.dir/build.make CMakeFiles/cmTC_cd2fb.dir/build
make[1]: Entering directory '/home/david/Schreibtisch/MedInfo/2. Semester/Programmiersprachen/Aufgabe 7 - Raytracer/programmiersprachen-raytracer-david/CMakeFiles/CMakeTmp'
Building CXX object CMakeFiles/cmTC_cd2fb.dir/feature_tests.cxx.o
/usr/bin/c++    -std=c++14 -o CMakeFiles/cmTC_cd2fb.dir/feature_tests.cxx.o -c "/home/david/Schreibtisch/MedInfo/2. Semester/Programmiersprachen/Aufgabe 7 - Raytracer/programmiersprachen-raytracer-david/CMakeFiles/feature_tests.cxx"
Linking CXX executable cmTC_cd2fb
/usr/bin/cmake -E cmake_link_script CMakeFiles/cmTC_cd2fb.dir/link.txt --verbose=1
/usr/bin/c++       -rdynamic CMakeFiles/cmTC_cd2fb.dir/feature_tests.cxx.o  -o cmTC_cd2fb 
make[1]: Leaving directory '/home/david/Schreibtisch/MedInfo/2. Semester/Programmiersprachen/Aufgabe 7 - Raytracer/programmiersprachen-raytracer-david/CMakeFiles/CMakeTmp'


    Feature record: CXX_FEATURE:1cxx_aggregate_default_initializers
    Feature record: CXX_FEATURE:1cxx_alias_templates
    Feature record: CXX_FEATURE:1cxx_alignas
    Feature record: CXX_FEATURE:1cxx_alignof
    Feature record: CXX_FEATURE:1cxx_attributes
    Feature record: CXX_FEATURE:1cxx_attribute_deprecated
    Feature record: CXX_FEATURE:1cxx_auto_type
    Feature record: CXX_FEATURE:1cxx_binary_literals
    Feature record: CXX_FEATURE:1cxx_constexpr
    Feature record: CXX_FEATURE:1cxx_contextual_conversions
    Feature record: CXX_FEATURE:1cxx_decltype
    Feature record: CXX_FEATURE:1cxx_decltype_auto
    Feature record: CXX_FEATURE:1cxx_decltype_incomplete_return_types
    Feature record: CXX_FEATURE:1cxx_default_function_template_args
    Feature record: CXX_FEATURE:1cxx_defaulted_functions
    Feature record: CXX_FEATURE:1cxx_defaulted_move_initializers
    Feature record: CXX_FEATURE:1cxx_delegating_constructors
    Feature record: CXX_FEATURE:1cxx_deleted_functions
    Feature record: CXX_FEATURE:1cxx_digit_separators
    Feature record: CXX_FEATURE:1cxx_enum_forward_declarations
    Feature record: CXX_FEATURE:1cxx_explicit_conversions
    Feature record: CXX_FEATURE:1cxx_extended_friend_declarations
    Feature record: CXX_FEATURE:1cxx_extern_templates
    Feature record: CXX_FEATURE:1cxx_final
    Feature record: CXX_FEATURE:1cxx_func_identifier
    Feature record: CXX_FEATURE:1cxx_generalized_initializers
    Feature record: CXX_FEATURE:1cxx_generic_lambdas
    Feature record: CXX_FEATURE:1cxx_inheriting_constructors
    Feature record: CXX_FEATURE:1cxx_inline_namespaces
    Feature record: CXX_FEATURE:1cxx_lambdas
    Feature record: CXX_FEATURE:1cxx_lambda_init_captures
    Feature record: CXX_FEATURE:1cxx_local_type_template_args
    Feature record: CXX_FEATURE:1cxx_long_long_type
    Feature record: CXX_FEATURE:1cxx_noexcept
    Feature record: CXX_FEATURE:1cxx_nonstatic_member_init
    Feature record: CXX_FEATURE:1cxx_nullptr
    Feature record: CXX_FEATURE:1cxx_override
    Feature record: CXX_FEATURE:1cxx_range_for
    Feature record: CXX_FEATURE:1cxx_raw_string_literals
    Feature record: CXX_FEATURE:1cxx_reference_qualified_functions
    Feature record: CXX_FEATURE:1cxx_relaxed_constexpr
    Feature record: CXX_FEATURE:1cxx_return_type_deduction
    Feature record: CXX_FEATURE:1cxx_right_angle_brackets
    Feature record: CXX_FEATURE:1cxx_rvalue_references
    Feature record: CXX_FEATURE:1cxx_sizeof_member
    Feature record: CXX_FEATURE:1cxx_static_assert
    Feature record: CXX_FEATURE:1cxx_strong_enums
    Feature record: CXX_FEATURE:1cxx_template_template_parameters
    Feature record: CXX_FEATURE:1cxx_thread_local
    Feature record: CXX_FEATURE:1cxx_trailing_return_types
    Feature record: CXX_FEATURE:1cxx_unicode_literals
    Feature record: CXX_FEATURE:1cxx_uniform_initialization
    Feature record: CXX_FEATURE:1cxx_unrestricted_unions
    Feature record: CXX_FEATURE:1cxx_user_literals
    Feature record: CXX_FEATURE:1cxx_variable_templates
    Feature record: CXX_FEATURE:1cxx_variadic_macros
    Feature record: CXX_FEATURE:1cxx_variadic_templates


Detecting CXX [-std=c++11] compiler features compiled with the following output:
Change Dir: /home/david/Schreibtisch/MedInfo/2. Semester/Programmiersprachen/Aufgabe 7 - Raytracer/programmiersprachen-raytracer-david/CMakeFiles/CMakeTmp

Run Build Command:"/usr/bin/make" "cmTC_e48d1/fast"
/usr/bin/make -f CMakeFiles/cmTC_e48d1.dir/build.make CMakeFiles/cmTC_e48d1.dir/build
make[1]: Entering directory '/home/david/Schreibtisch/MedInfo/2. Semester/Programmiersprachen/Aufgabe 7 - Raytracer/programmiersprachen-raytracer-david/CMakeFiles/CMakeTmp'
Building CXX object CMakeFiles/cmTC_e48d1.dir/feature_tests.cxx.o
/usr/bin/c++    -std=c++11 -o CMakeFiles/cmTC_e48d1.dir/feature_tests.cxx.o -c "/home/david/Schreibtisch/MedInfo/2. Semester/Programmiersprachen/Aufgabe 7 - Raytracer/programmiersprachen-raytracer-david/CMakeFiles/feature_tests.cxx"
Linking CXX executable cmTC_e48d1
/usr/bin/cmake -E cmake_link_script CMakeFiles/cmTC_e48d1.dir/link.txt --verbose=1
/usr/bin/c++       -rdynamic CMakeFiles/cmTC_e48d1.dir/feature_tests.cxx.o  -o cmTC_e48d1 
make[1]: Leaving directory '/home/david/Schreibtisch/MedInfo/2. Semester/Programmiersprachen/Aufgabe 7 - Raytracer/programmiersprachen-raytracer-david/CMakeFiles/CMakeTmp'


    Feature record: CXX_FEATURE:0cxx_aggregate_default_initializers
    Feature record: CXX_FEATURE:1cxx_alias_templates
    Feature record: CXX_FEATURE:1cxx_alignas
    Feature record: CXX_FEATURE:1cxx_alignof
    Feature record: CXX_FEATURE:1cxx_attributes
    Feature record: CXX_FEATURE:0cxx_attribute_deprecated
    Feature record: CXX_FEATURE:1cxx_auto_type
    Feature record: CXX_FEATURE:0cxx_binary_literals
    Feature record: CXX_FEATURE:1cxx_constexpr
    Feature record: CXX_FEATURE:0cxx_contextual_conversions
    Feature record: CXX_FEATURE:1cxx_decltype
    Feature record: CXX_FEATURE:0cxx_decltype_auto
    Feature record: CXX_FEATURE:1cxx_decltype_incomplete_return_types
    Feature record: CXX_FEATURE:1cxx_default_function_template_args
    Feature record: CXX_FEATURE:1cxx_defaulted_functions
    Feature record: CXX_FEATURE:1cxx_defaulted_move_initializers
    Feature record: CXX_FEATURE:1cxx_delegating_constructors
    Feature record: CXX_FEATURE:1cxx_deleted_functions
    Feature record: CXX_FEATURE:0cxx_digit_separators
    Feature record: CXX_FEATURE:1cxx_enum_forward_declarations
    Feature record: CXX_FEATURE:1cxx_explicit_conversions
    Feature record: CXX_FEATURE:1cxx_extended_friend_declarations
    Feature record: CXX_FEATURE:1cxx_extern_templates
    Feature record: CXX_FEATURE:1cxx_final
    Feature record: CXX_FEATURE:1cxx_func_identifier
    Feature record: CXX_FEATURE:1cxx_generalized_initializers
    Feature record: CXX_FEATURE:0cxx_generic_lambdas
    Feature record: CXX_FEATURE:1cxx_inheriting_constructors
    Feature record: CXX_FEATURE:1cxx_inline_namespaces
    Feature record: CXX_FEATURE:1cxx_lambdas
    Feature record: CXX_FEATURE:0cxx_lambda_init_captures
    Feature record: CXX_FEATURE:1cxx_local_type_template_args
    Feature record: CXX_FEATURE:1cxx_long_long_type
    Feature record: CXX_FEATURE:1cxx_noexcept
    Feature record: CXX_FEATURE:1cxx_nonstatic_member_init
    Feature record: CXX_FEATURE:1cxx_nullptr
    Feature record: CXX_FEATURE:1cxx_override
    Feature record: CXX_FEATURE:1cxx_range_for
    Feature record: CXX_FEATURE:1cxx_raw_string_literals
    Feature record: CXX_FEATURE:1cxx_reference_qualified_functions
    Feature record: CXX_FEATURE:0cxx_relaxed_constexpr
    Feature record: CXX_FEATURE:0cxx_return_type_deduction
    Feature record: CXX_FEATURE:1cxx_right_angle_brackets
    Feature record: CXX_FEATURE:1cxx_rvalue_references
    Feature record: CXX_FEATURE:1cxx_sizeof_member
    Feature record: CXX_FEATURE:1cxx_static_assert
    Feature record: CXX_FEATURE:1cxx_strong_enums
    Feature record: CXX_FEATURE:1cxx_template_template_parameters
    Feature record: CXX_FEATURE:1cxx_thread_local
    Feature record: CXX_FEATURE:1cxx_trailing_return_types
    Feature record: CXX_FEATURE:1cxx_unicode_literals
    Feature record: CXX_FEATURE:1cxx_uniform_initialization
    Feature record: CXX_FEATURE:1cxx_unrestricted_unions
    Feature record: CXX_FEATURE:1cxx_user_literals
    Feature record: CXX_FEATURE:0cxx_variable_templates
    Feature record: CXX_FEATURE:1cxx_variadic_macros
    Feature record: CXX_FEATURE:1cxx_variadic_templates


Detecting CXX [-std=c++98] compiler features compiled with the following output:
Change Dir: /home/david/Schreibtisch/MedInfo/2. Semester/Programmiersprachen/Aufgabe 7 - Raytracer/programmiersprachen-raytracer-david/CMakeFiles/CMakeTmp

Run Build Command:"/usr/bin/make" "cmTC_2adea/fast"
/usr/bin/make -f CMakeFiles/cmTC_2adea.dir/build.make CMakeFiles/cmTC_2adea.dir/build
make[1]: Entering directory '/home/david/Schreibtisch/MedInfo/2. Semester/Programmiersprachen/Aufgabe 7 - Raytracer/programmiersprachen-raytracer-david/CMakeFiles/CMakeTmp'
Building CXX object CMakeFiles/cmTC_2adea.dir/feature_tests.cxx.o
/usr/bin/c++    -std=c++98 -o CMakeFiles/cmTC_2adea.dir/feature_tests.cxx.o -c "/home/david/Schreibtisch/MedInfo/2. Semester/Programmiersprachen/Aufgabe 7 - Raytracer/programmiersprachen-raytracer-david/CMakeFiles/feature_tests.cxx"
Linking CXX executable cmTC_2adea
/usr/bin/cmake -E cmake_link_script CMakeFiles/cmTC_2adea.dir/link.txt --verbose=1
/usr/bin/c++       -rdynamic CMakeFiles/cmTC_2adea.dir/feature_tests.cxx.o  -o cmTC_2adea 
make[1]: Leaving directory '/home/david/Schreibtisch/MedInfo/2. Semester/Programmiersprachen/Aufgabe 7 - Raytracer/programmiersprachen-raytracer-david/CMakeFiles/CMakeTmp'


    Feature record: CXX_FEATURE:0cxx_aggregate_default_initializers
    Feature record: CXX_FEATURE:0cxx_alias_templates
    Feature record: CXX_FEATURE:0cxx_alignas
    Feature record: CXX_FEATURE:0cxx_alignof
    Feature record: CXX_FEATURE:0cxx_attributes
    Feature record: CXX_FEATURE:0cxx_attribute_deprecated
    Feature record: CXX_FEATURE:0cxx_auto_type
    Feature record: CXX_FEATURE:0cxx_binary_literals
    Feature record: CXX_FEATURE:0cxx_constexpr
    Feature record: CXX_FEATURE:0cxx_contextual_conversions
    Feature record: CXX_FEATURE:0cxx_decltype
    Feature record: CXX_FEATURE:0cxx_decltype_auto
    Feature record: CXX_FEATURE:0cxx_decltype_incomplete_return_types
    Feature record: CXX_FEATURE:0cxx_default_function_template_args
    Feature record: CXX_FEATURE:0cxx_defaulted_functions
    Feature record: CXX_FEATURE:0cxx_defaulted_move_initializers
    Feature record: CXX_FEATURE:0cxx_delegating_constructors
    Feature record: CXX_FEATURE:0cxx_deleted_functions
    Feature record: CXX_FEATURE:0cxx_digit_separators
    Feature record: CXX_FEATURE:0cxx_enum_forward_declarations
    Feature record: CXX_FEATURE:0cxx_explicit_conversions
    Feature record: CXX_FEATURE:0cxx_extended_friend_declarations
    Feature record: CXX_FEATURE:0cxx_extern_templates
    Feature record: CXX_FEATURE:0cxx_final
    Feature record: CXX_FEATURE:0cxx_func_identifier
    Feature record: CXX_FEATURE:0cxx_generalized_initializers
    Feature record: CXX_FEATURE:0cxx_generic_lambdas
    Feature record: CXX_FEATURE:0cxx_inheriting_constructors
    Feature record: CXX_FEATURE:0cxx_inline_namespaces
    Feature record: CXX_FEATURE:0cxx_lambdas
    Feature record: CXX_FEATURE:0cxx_lambda_init_captures
    Feature record: CXX_FEATURE:0cxx_local_type_template_args
    Feature record: CXX_FEATURE:0cxx_long_long_type
    Feature record: CXX_FEATURE:0cxx_noexcept
    Feature record: CXX_FEATURE:0cxx_nonstatic_member_init
    Feature record: CXX_FEATURE:0cxx_nullptr
    Feature record: CXX_FEATURE:0cxx_override
    Feature record: CXX_FEATURE:0cxx_range_for
    Feature record: CXX_FEATURE:0cxx_raw_string_literals
    Feature record: CXX_FEATURE:0cxx_reference_qualified_functions
    Feature record: CXX_FEATURE:0cxx_relaxed_constexpr
    Feature record: CXX_FEATURE:0cxx_return_type_deduction
    Feature record: CXX_FEATURE:0cxx_right_angle_brackets
    Feature record: CXX_FEATURE:0cxx_rvalue_references
    Feature record: CXX_FEATURE:0cxx_sizeof_member
    Feature record: CXX_FEATURE:0cxx_static_assert
    Feature record: CXX_FEATURE:0cxx_strong_enums
    Feature record: CXX_FEATURE:1cxx_template_template_parameters
    Feature record: CXX_FEATURE:0cxx_thread_local
    Feature record: CXX_FEATURE:0cxx_trailing_return_types
    Feature record: CXX_FEATURE:0cxx_unicode_literals
    Feature record: CXX_FEATURE:0cxx_uniform_initialization
    Feature record: CXX_FEATURE:0cxx_unrestricted_unions
    Feature record: CXX_FEATURE:0cxx_user_literals
    Feature record: CXX_FEATURE:0cxx_variable_templates
    Feature record: CXX_FEATURE:0cxx_variadic_macros
    Feature record: CXX_FEATURE:0cxx_variadic_templates
Performing C++ SOURCE FILE Test COMPILER_SUPPORTS_CXX14 succeeded with the following output:
Change Dir: /home/david/Schreibtisch/MedInfo/2. Semester/Programmiersprachen/Aufgabe 7 - Raytracer/programmiersprachen-raytracer-david/CMakeFiles/CMakeTmp

Run Build Command:"/usr/bin/make" "cmTC_e664b/fast"
/usr/bin/make -f CMakeFiles/cmTC_e664b.dir/build.make CMakeFiles/cmTC_e664b.dir/build
make[1]: Entering directory '/home/david/Schreibtisch/MedInfo/2. Semester/Programmiersprachen/Aufgabe 7 - Raytracer/programmiersprachen-raytracer-david/CMakeFiles/CMakeTmp'
Building CXX object CMakeFiles/cmTC_e664b.dir/src.cxx.o
/usr/bin/c++    -DCOMPILER_SUPPORTS_CXX14   -std=c++14 -o CMakeFiles/cmTC_e664b.dir/src.cxx.o -c "/home/david/Schreibtisch/MedInfo/2. Semester/Programmiersprachen/Aufgabe 7 - Raytracer/programmiersprachen-raytracer-david/CMakeFiles/CMakeTmp/src.cxx"
Linking CXX executable cmTC_e664b
/usr/bin/cmake -E cmake_link_script CMakeFiles/cmTC_e664b.dir/link.txt --verbose=1
/usr/bin/c++   -DCOMPILER_SUPPORTS_CXX14    -rdynamic CMakeFiles/cmTC_e664b.dir/src.cxx.o  -o cmTC_e664b 
make[1]: Leaving directory '/home/david/Schreibtisch/MedInfo/2. Semester/Programmiersprachen/Aufgabe 7 - Raytracer/programmiersprachen-raytracer-david/CMakeFiles/CMakeTmp'

Source file was:
int main() { return 0; }
Performing C++ SOURCE FILE Test COMPILER_SUPPORTS_CXX11 succeeded with the following output:
Change Dir: /home/david/Schreibtisch/MedInfo/2. Semester/Programmiersprachen/Aufgabe 7 - Raytracer/programmiersprachen-raytracer-david/CMakeFiles/CMakeTmp

Run Build Command:"/usr/bin/make" "cmTC_5b97a/fast"
/usr/bin/make -f CMakeFiles/cmTC_5b97a.dir/build.make CMakeFiles/cmTC_5b97a.dir/build
make[1]: Entering directory '/home/david/Schreibtisch/MedInfo/2. Semester/Programmiersprachen/Aufgabe 7 - Raytracer/programmiersprachen-raytracer-david/CMakeFiles/CMakeTmp'
Building CXX object CMakeFiles/cmTC_5b97a.dir/src.cxx.o
/usr/bin/c++    -DCOMPILER_SUPPORTS_CXX11   -std=c++11 -o CMakeFiles/cmTC_5b97a.dir/src.cxx.o -c "/home/david/Schreibtisch/MedInfo/2. Semester/Programmiersprachen/Aufgabe 7 - Raytracer/programmiersprachen-raytracer-david/CMakeFiles/CMakeTmp/src.cxx"
Linking CXX executable cmTC_5b97a
/usr/bin/cmake -E cmake_link_script CMakeFiles/cmTC_5b97a.dir/link.txt --verbose=1
/usr/bin/c++   -DCOMPILER_SUPPORTS_CXX11    -rdynamic CMakeFiles/cmTC_5b97a.dir/src.cxx.o  -o cmTC_5b97a 
make[1]: Leaving directory '/home/david/Schreibtisch/MedInfo/2. Semester/Programmiersprachen/Aufgabe 7 - Raytracer/programmiersprachen-raytracer-david/CMakeFiles/CMakeTmp'

Source file was:
int main() { return 0; }
Determining if the include file pthread.h exists passed with the following output:
Change Dir: /home/david/Schreibtisch/MedInfo/2. Semester/Programmiersprachen/Aufgabe 7 - Raytracer/programmiersprachen-raytracer-david/CMakeFiles/CMakeTmp

Run Build Command:"/usr/bin/make" "cmTC_9740d/fast"
/usr/bin/make -f CMakeFiles/cmTC_9740d.dir/build.make CMakeFiles/cmTC_9740d.dir/build
make[1]: Entering directory '/home/david/Schreibtisch/MedInfo/2. Semester/Programmiersprachen/Aufgabe 7 - Raytracer/programmiersprachen-raytracer-david/CMakeFiles/CMakeTmp'
Building C object CMakeFiles/cmTC_9740d.dir/CheckIncludeFile.c.o
/usr/bin/cc    -o CMakeFiles/cmTC_9740d.dir/CheckIncludeFile.c.o   -c "/home/david/Schreibtisch/MedInfo/2. Semester/Programmiersprachen/Aufgabe 7 - Raytracer/programmiersprachen-raytracer-david/CMakeFiles/CMakeTmp/CheckIncludeFile.c"
Linking C executable cmTC_9740d
/usr/bin/cmake -E cmake_link_script CMakeFiles/cmTC_9740d.dir/link.txt --verbose=1
/usr/bin/cc      -rdynamic CMakeFiles/cmTC_9740d.dir/CheckIncludeFile.c.o  -o cmTC_9740d 
make[1]: Leaving directory '/home/david/Schreibtisch/MedInfo/2. Semester/Programmiersprachen/Aufgabe 7 - Raytracer/programmiersprachen-raytracer-david/CMakeFiles/CMakeTmp'


Determining if the function pthread_create exists in the pthread passed with the following output:
Change Dir: /home/david/Schreibtisch/MedInfo/2. Semester/Programmiersprachen/Aufgabe 7 - Raytracer/programmiersprachen-raytracer-david/CMakeFiles/CMakeTmp

Run Build Command:"/usr/bin/make" "cmTC_dae23/fast"
/usr/bin/make -f CMakeFiles/cmTC_dae23.dir/build.make CMakeFiles/cmTC_dae23.dir/build
make[1]: Entering directory '/home/david/Schreibtisch/MedInfo/2. Semester/Programmiersprachen/Aufgabe 7 - Raytracer/programmiersprachen-raytracer-david/CMakeFiles/CMakeTmp'
Building C object CMakeFiles/cmTC_dae23.dir/CheckFunctionExists.c.o
/usr/bin/cc   -DCHECK_FUNCTION_EXISTS=pthread_create   -o CMakeFiles/cmTC_dae23.dir/CheckFunctionExists.c.o   -c /usr/share/cmake-3.9/Modules/CheckFunctionExists.c
Linking C executable cmTC_dae23
/usr/bin/cmake -E cmake_link_script CMakeFiles/cmTC_dae23.dir/link.txt --verbose=1
/usr/bin/cc  -DCHECK_FUNCTION_EXISTS=pthread_create    -rdynamic CMakeFiles/cmTC_dae23.dir/CheckFunctionExists.c.o  -o cmTC_dae23 -lpthread 
make[1]: Leaving directory '/home/david/Schreibtisch/MedInfo/2. Semester/Programmiersprachen/Aufgabe 7 - Raytracer/programmiersprachen-raytracer-david/CMakeFiles/CMakeTmp'


Determining if the function XOpenDisplay exists in the /usr/lib/x86_64-linux-gnu/libX11.so;/usr/lib/x86_64-linux-gnu/libXext.so passed with the following output:
Change Dir: /home/david/Schreibtisch/MedInfo/2. Semester/Programmiersprachen/Aufgabe 7 - Raytracer/programmiersprachen-raytracer-david/CMakeFiles/CMakeTmp

Run Build Command:"/usr/bin/make" "cmTC_767d8/fast"
/usr/bin/make -f CMakeFiles/cmTC_767d8.dir/build.make CMakeFiles/cmTC_767d8.dir/build
make[1]: Entering directory '/home/david/Schreibtisch/MedInfo/2. Semester/Programmiersprachen/Aufgabe 7 - Raytracer/programmiersprachen-raytracer-david/CMakeFiles/CMakeTmp'
Building C object CMakeFiles/cmTC_767d8.dir/CheckFunctionExists.c.o
/usr/bin/cc   -DCHECK_FUNCTION_EXISTS=XOpenDisplay   -o CMakeFiles/cmTC_767d8.dir/CheckFunctionExists.c.o   -c /usr/share/cmake-3.9/Modules/CheckFunctionExists.c
Linking C executable cmTC_767d8
/usr/bin/cmake -E cmake_link_script CMakeFiles/cmTC_767d8.dir/link.txt --verbose=1
/usr/bin/cc  -DCHECK_FUNCTION_EXISTS=XOpenDisplay    -rdynamic CMakeFiles/cmTC_767d8.dir/CheckFunctionExists.c.o  -o cmTC_767d8 /usr/lib/x86_64-linux-gnu/libX11.so /usr/lib/x86_64-linux-gnu/libXext.so 
make[1]: Leaving directory '/home/david/Schreibtisch/MedInfo/2. Semester/Programmiersprachen/Aufgabe 7 - Raytracer/programmiersprachen-raytracer-david/CMakeFiles/CMakeTmp'


Determining if the function gethostbyname exists passed with the following output:
Change Dir: /home/david/Schreibtisch/MedInfo/2. Semester/Programmiersprachen/Aufgabe 7 - Raytracer/programmiersprachen-raytracer-david/CMakeFiles/CMakeTmp

Run Build Command:"/usr/bin/make" "cmTC_89cc8/fast"
/usr/bin/make -f CMakeFiles/cmTC_89cc8.dir/build.make CMakeFiles/cmTC_89cc8.dir/build
make[1]: Entering directory '/home/david/Schreibtisch/MedInfo/2. Semester/Programmiersprachen/Aufgabe 7 - Raytracer/programmiersprachen-raytracer-david/CMakeFiles/CMakeTmp'
Building C object CMakeFiles/cmTC_89cc8.dir/CheckFunctionExists.c.o
/usr/bin/cc   -DCHECK_FUNCTION_EXISTS=gethostbyname   -o CMakeFiles/cmTC_89cc8.dir/CheckFunctionExists.c.o   -c /usr/share/cmake-3.9/Modules/CheckFunctionExists.c
Linking C executable cmTC_89cc8
/usr/bin/cmake -E cmake_link_script CMakeFiles/cmTC_89cc8.dir/link.txt --verbose=1
/usr/bin/cc  -DCHECK_FUNCTION_EXISTS=gethostbyname    -rdynamic CMakeFiles/cmTC_89cc8.dir/CheckFunctionExists.c.o  -o cmTC_89cc8 
make[1]: Leaving directory '/home/david/Schreibtisch/MedInfo/2. Semester/Programmiersprachen/Aufgabe 7 - Raytracer/programmiersprachen-raytracer-david/CMakeFiles/CMakeTmp'


Determining if the function connect exists passed with the following output:
Change Dir: /home/david/Schreibtisch/MedInfo/2. Semester/Programmiersprachen/Aufgabe 7 - Raytracer/programmiersprachen-raytracer-david/CMakeFiles/CMakeTmp

Run Build Command:"/usr/bin/make" "cmTC_9e2ee/fast"
/usr/bin/make -f CMakeFiles/cmTC_9e2ee.dir/build.make CMakeFiles/cmTC_9e2ee.dir/build
make[1]: Entering directory '/home/david/Schreibtisch/MedInfo/2. Semester/Programmiersprachen/Aufgabe 7 - Raytracer/programmiersprachen-raytracer-david/CMakeFiles/CMakeTmp'
Building C object CMakeFiles/cmTC_9e2ee.dir/CheckFunctionExists.c.o
/usr/bin/cc   -DCHECK_FUNCTION_EXISTS=connect   -o CMakeFiles/cmTC_9e2ee.dir/CheckFunctionExists.c.o   -c /usr/share/cmake-3.9/Modules/CheckFunctionExists.c
Linking C executable cmTC_9e2ee
/usr/bin/cmake -E cmake_link_script CMakeFiles/cmTC_9e2ee.dir/link.txt --verbose=1
/usr/bin/cc  -DCHECK_FUNCTION_EXISTS=connect    -rdynamic CMakeFiles/cmTC_9e2ee.dir/CheckFunctionExists.c.o  -o cmTC_9e2ee 
make[1]: Leaving directory '/home/david/Schreibtisch/MedInfo/2. Semester/Programmiersprachen/Aufgabe 7 - Raytracer/programmiersprachen-raytracer-david/CMakeFiles/CMakeTmp'


Determining if the function remove exists passed with the following output:
Change Dir: /home/david/Schreibtisch/MedInfo/2. Semester/Programmiersprachen/Aufgabe 7 - Raytracer/programmiersprachen-raytracer-david/CMakeFiles/CMakeTmp

Run Build Command:"/usr/bin/make" "cmTC_4742a/fast"
/usr/bin/make -f CMakeFiles/cmTC_4742a.dir/build.make CMakeFiles/cmTC_4742a.dir/build
make[1]: Entering directory '/home/david/Schreibtisch/MedInfo/2. Semester/Programmiersprachen/Aufgabe 7 - Raytracer/programmiersprachen-raytracer-david/CMakeFiles/CMakeTmp'
Building C object CMakeFiles/cmTC_4742a.dir/CheckFunctionExists.c.o
/usr/bin/cc   -DCHECK_FUNCTION_EXISTS=remove   -o CMakeFiles/cmTC_4742a.dir/CheckFunctionExists.c.o   -c /usr/share/cmake-3.9/Modules/CheckFunctionExists.c
Linking C executable cmTC_4742a
/usr/bin/cmake -E cmake_link_script CMakeFiles/cmTC_4742a.dir/link.txt --verbose=1
/usr/bin/cc  -DCHECK_FUNCTION_EXISTS=remove    -rdynamic CMakeFiles/cmTC_4742a.dir/CheckFunctionExists.c.o  -o cmTC_4742a 
make[1]: Leaving directory '/home/david/Schreibtisch/MedInfo/2. Semester/Programmiersprachen/Aufgabe 7 - Raytracer/programmiersprachen-raytracer-david/CMakeFiles/CMakeTmp'


Determining if the function shmat exists passed with the following output:
Change Dir: /home/david/Schreibtisch/MedInfo/2. Semester/Programmiersprachen/Aufgabe 7 - Raytracer/programmiersprachen-raytracer-david/CMakeFiles/CMakeTmp

Run Build Command:"/usr/bin/make" "cmTC_ee462/fast"
/usr/bin/make -f CMakeFiles/cmTC_ee462.dir/build.make CMakeFiles/cmTC_ee462.dir/build
make[1]: Entering directory '/home/david/Schreibtisch/MedInfo/2. Semester/Programmiersprachen/Aufgabe 7 - Raytracer/programmiersprachen-raytracer-david/CMakeFiles/CMakeTmp'
Building C object CMakeFiles/cmTC_ee462.dir/CheckFunctionExists.c.o
/usr/bin/cc   -DCHECK_FUNCTION_EXISTS=shmat   -o CMakeFiles/cmTC_ee462.dir/CheckFunctionExists.c.o   -c /usr/share/cmake-3.9/Modules/CheckFunctionExists.c
Linking C executable cmTC_ee462
/usr/bin/cmake -E cmake_link_script CMakeFiles/cmTC_ee462.dir/link.txt --verbose=1
/usr/bin/cc  -DCHECK_FUNCTION_EXISTS=shmat    -rdynamic CMakeFiles/cmTC_ee462.dir/CheckFunctionExists.c.o  -o cmTC_ee462 
make[1]: Leaving directory '/home/david/Schreibtisch/MedInfo/2. Semester/Programmiersprachen/Aufgabe 7 - Raytracer/programmiersprachen-raytracer-david/CMakeFiles/CMakeTmp'


Determining if the function IceConnectionNumber exists in the ICE passed with the following output:
Change Dir: /home/david/Schreibtisch/MedInfo/2. Semester/Programmiersprachen/Aufgabe 7 - Raytracer/programmiersprachen-raytracer-david/CMakeFiles/CMakeTmp

Run Build Command:"/usr/bin/make" "cmTC_7582b/fast"
/usr/bin/make -f CMakeFiles/cmTC_7582b.dir/build.make CMakeFiles/cmTC_7582b.dir/build
make[1]: Entering directory '/home/david/Schreibtisch/MedInfo/2. Semester/Programmiersprachen/Aufgabe 7 - Raytracer/programmiersprachen-raytracer-david/CMakeFiles/CMakeTmp'
Building C object CMakeFiles/cmTC_7582b.dir/CheckFunctionExists.c.o
/usr/bin/cc   -DCHECK_FUNCTION_EXISTS=IceConnectionNumber   -o CMakeFiles/cmTC_7582b.dir/CheckFunctionExists.c.o   -c /usr/share/cmake-3.9/Modules/CheckFunctionExists.c
Linking C executable cmTC_7582b
/usr/bin/cmake -E cmake_link_script CMakeFiles/cmTC_7582b.dir/link.txt --verbose=1
/usr/bin/cc  -DCHECK_FUNCTION_EXISTS=IceConnectionNumber    -rdynamic CMakeFiles/cmTC_7582b.dir/CheckFunctionExists.c.o  -o cmTC_7582b -lICE 
make[1]: Leaving directory '/home/david/Schreibtisch/MedInfo/2. Semester/Programmiersprachen/Aufgabe 7 - Raytracer/programmiersprachen-raytracer-david/CMakeFiles/CMakeTmp'


